0 info it worked if it ends with ok
1 verbose cli [ '/usr/local/Cellar/node/4.1.1/bin/node',
1 verbose cli   '/usr/local/bin/npm',
1 verbose cli   'run',
1 verbose cli   'dev' ]
2 info using npm@3.3.4
3 info using node@v4.1.1
4 verbose run-script [ 'predev', 'dev', 'postdev' ]
5 info lifecycle eatico@0.0.1~predev: eatico@0.0.1
6 silly lifecycle eatico@0.0.1~predev: no script for predev, continuing
7 info lifecycle eatico@0.0.1~dev: eatico@0.0.1
8 verbose lifecycle eatico@0.0.1~dev: unsafe-perm in lifecycle true
9 verbose lifecycle eatico@0.0.1~dev: PATH: /usr/local/lib/node_modules/npm/bin/node-gyp-bin:/Users/Kere/Documents/PhpStorm/Eatico/node_modules/.bin:./node_modules/.bin:/Applications/MAMP/bin/php/php5.6.2/bin/:/usr/local/bin:/usr/bin:/bin:/usr/sbin:/sbin:/usr/local/git/bin
10 verbose lifecycle eatico@0.0.1~dev: CWD: /Users/Kere/Documents/PhpStorm/Eatico
11 silly lifecycle eatico@0.0.1~dev: Args: [ '-c',
11 silly lifecycle   'node ./node_modules/.bin/concurrent --kill-others "npm run watch-client"' ]
12 silly lifecycle eatico@0.0.1~dev: Returned: code: 1  signal: null
13 info lifecycle eatico@0.0.1~dev: Failed to exec dev script
14 verbose stack Error: eatico@0.0.1 dev: `node ./node_modules/.bin/concurrent --kill-others "npm run watch-client"`
14 verbose stack Exit status 1
14 verbose stack     at EventEmitter.<anonymous> (/usr/local/lib/node_modules/npm/lib/utils/lifecycle.js:233:16)
14 verbose stack     at emitTwo (events.js:87:13)
14 verbose stack     at EventEmitter.emit (events.js:172:7)
14 verbose stack     at ChildProcess.<anonymous> (/usr/local/lib/node_modules/npm/lib/utils/spawn.js:24:14)
14 verbose stack     at emitTwo (events.js:87:13)
14 verbose stack     at ChildProcess.emit (events.js:172:7)
14 verbose stack     at maybeClose (internal/child_process.js:817:16)
14 verbose stack     at Process.ChildProcess._handle.onexit (internal/child_process.js:211:5)
15 verbose pkgid eatico@0.0.1
16 verbose cwd /Users/Kere/Documents/PhpStorm/Eatico
17 error Darwin 15.4.0
18 error argv "/usr/local/Cellar/node/4.1.1/bin/node" "/usr/local/bin/npm" "run" "dev"
19 error node v4.1.1
20 error npm  v3.3.4
21 error code ELIFECYCLE
22 error eatico@0.0.1 dev: `node ./node_modules/.bin/concurrent --kill-others "npm run watch-client"`
22 error Exit status 1
23 error Failed at the eatico@0.0.1 dev script 'node ./node_modules/.bin/concurrent --kill-others "npm run watch-client"'.
23 error This is most likely a problem with the eatico package,
23 error not with npm itself.
23 error Tell the author that this fails on your system:
23 error     node ./node_modules/.bin/concurrent --kill-others "npm run watch-client"
23 error You can get their info via:
23 error     npm owner ls eatico
23 error There is likely additional logging output above.
24 verbose exit [ 1, true ]
